<?xml version="1.0" encoding="UTF-8"?>
<!-- Generated by org.testng.reporters.JUnitReportReporter -->
<testsuite name="COM.API.Automation_RestAssured.BaseApi" tests="1" time="2.549" ignored="0" failures="0" timestamp="10 Apr 2020 05:54:10 GMT" skipped="0" hostname="INLN56593708A" errors="0">
  <testcase name="getSessionid" time="2.549" classname="COM.API.Automation_RestAssured.BaseApi"/>
</testsuite> <!-- COM.API.Automation_RestAssured.BaseApi -->
