<?xml version="1.0" encoding="UTF-8"?>
<!-- Generated by org.testng.reporters.JUnitReportReporter -->
<testsuite name="COM.API.MY_API_Automation.Apitest_weather" tests="1" time="3.281" ignored="0" failures="0" timestamp="18 May 2020 05:29:40 GMT" skipped="0" hostname="INLN56593708A" errors="0">
  <testcase name="validatejsonpath" time="3.281" classname="COM.API.MY_API_Automation.Apitest_weather"/>
</testsuite> <!-- COM.API.MY_API_Automation.Apitest_weather -->
