<?xml version="1.0" encoding="UTF-8"?>
<!-- Generated by org.testng.reporters.JUnitReportReporter -->
<testsuite name="COM.API.Automation_RestAssured.Apitest2" tests="1" time="1.169" ignored="0" failures="0" timestamp="06 Apr 2020 10:16:35 GMT" skipped="0" hostname="INLN56593708A" errors="0">
  <testcase name="validateresponse" time="1.169" classname="COM.API.Automation_RestAssured.Apitest2"/>
</testsuite> <!-- COM.API.Automation_RestAssured.Apitest2 -->
