<?xml version="1.0" encoding="UTF-8"?>
<!-- Generated by org.testng.reporters.JUnitReportReporter -->
<testsuite name="COM.API.TESTRUNNER.Spec_exmaple" tests="1" time="2.820" ignored="0" failures="0" timestamp="21 May 2020 07:09:13 GMT" skipped="0" hostname="INLN56593708A" errors="0">
  <testcase name="specbuilder" time="2.820" classname="COM.API.TESTRUNNER.Spec_exmaple"/>
</testsuite> <!-- COM.API.TESTRUNNER.Spec_exmaple -->
