<?xml version="1.0" encoding="UTF-8"?>
<!-- Generated by org.testng.reporters.JUnitReportReporter -->
<testsuite name="COM.API.MY_API_Automation.pojoexample2" tests="1" time="4.082" ignored="0" failures="0" timestamp="20 May 2020 08:48:39 GMT" skipped="0" hostname="INLN56593708A" errors="0">
  <testcase name="addplace" time="4.082" classname="COM.API.MY_API_Automation.pojoexample2"/>
</testsuite> <!-- COM.API.MY_API_Automation.pojoexample2 -->
