<?xml version="1.0" encoding="UTF-8"?>
<!-- Generated by org.testng.reporters.JUnitReportReporter -->
<testsuite name="COM.API.Automation_RestAssured.JiraApiAutomation" tests="1" time="2.584" ignored="0" failures="0" timestamp="10 Apr 2020 06:23:14 GMT" skipped="0" hostname="INLN56593708A" errors="0">
  <testcase name="createIssue" time="2.584" classname="COM.API.Automation_RestAssured.JiraApiAutomation"/>
</testsuite> <!-- COM.API.Automation_RestAssured.JiraApiAutomation -->
