<?xml version="1.0" encoding="UTF-8"?>
<!-- Generated by org.testng.reporters.JUnitReportReporter -->
<testsuite name="COM.API.Automation_RestAssured.JIRAAPI2" tests="1" time="3.073" ignored="0" failures="0" timestamp="10 Apr 2020 10:44:24 GMT" skipped="0" hostname="INLN56593708A" errors="0">
  <testcase name="getAllassignee" time="3.073" classname="COM.API.Automation_RestAssured.JIRAAPI2"/>
</testsuite> <!-- COM.API.Automation_RestAssured.JIRAAPI2 -->
