<?xml version="1.0" encoding="UTF-8"?>
<!-- Generated by org.testng.reporters.JUnitReportReporter -->
<testsuite name="COM.API.Automation_RestAssured.Apitest1" tests="1" time="5.017" ignored="0" failures="0" timestamp="06 Apr 2020 08:55:28 GMT" skipped="0" hostname="INLN56593708A" errors="0">
  <testcase name="testapi" time="5.017" classname="COM.API.Automation_RestAssured.Apitest1"/>
</testsuite> <!-- COM.API.Automation_RestAssured.Apitest1 -->
